<?xml version="1.0" encoding="UTF-8"?>
<!-- Generated by org.testng.reporters.JUnitReportReporter -->
<testsuite hostname="JVBRRR" failures="0" tests="1" name="ddt.ContactTest" time="0.012" errors="0" timestamp="2022-09-09T10:58:14 IST" skipped="0">
  <testcase classname="ddt.ContactTest" name="createContactTest" time="0.012"/>
  <system-out/>
</testsuite> <!-- ddt.ContactTest -->
