<?xml version="1.0" encoding="UTF-8"?>
<!-- Generated by org.testng.reporters.JUnitReportReporter -->
<testsuite hostname="JVBRRR" failures="0" tests="1" name="sampleTests.DemoTest" time="0.014" errors="0" timestamp="2022-09-09T07:44:11 IST" skipped="0">
  <testcase classname="sampleTests.DemoTest" name="demoTest" time="0.014"/>
  <system-out/>
</testsuite> <!-- sampleTests.DemoTest -->
