<?xml version="1.0" encoding="UTF-8"?>
<!-- Generated by org.testng.reporters.JUnitReportReporter -->
<testsuite hostname="JVBRRR" failures="0" tests="1" name="sampleTests.WishTest" time="0.017" errors="0" timestamp="2022-09-09T07:31:23 IST" skipped="0">
  <testcase classname="sampleTests.WishTest" name="wishTest" time="0.017"/>
  <system-out/>
</testsuite> <!-- sampleTests.WishTest -->
