<?xml version="1.0" encoding="UTF-8"?>
<!-- Generated by org.testng.reporters.JUnitReportReporter -->
<testsuite hostname="JVBRRR" failures="0" tests="1" name="ddt.ReadDataFromCmdLineTest" time="0.009" errors="0" timestamp="2022-09-09T11:40:42 IST" skipped="0">
  <testcase classname="ddt.ReadDataFromCmdLineTest" name="readDataTest" time="0.009"/>
  <system-out/>
</testsuite> <!-- ddt.ReadDataFromCmdLineTest -->
