<?xml version="1.0" encoding="UTF-8"?>
<!-- Generated by org.testng.reporters.JUnitReportReporter -->
<testsuite hostname="JVBRRR" failures="0" tests="2" name="sampleTests.WishTest" time="0.014" errors="0" timestamp="2022-09-13T11:10:07 IST" skipped="0">
  <testcase classname="sampleTests.WishTest" name="wishTest" time="0.004"/>
  <system-out/>
  <testcase classname="sampleTests.WishTest" name="removeTest" time="0.010"/>
  <system-out/>
</testsuite> <!-- sampleTests.WishTest -->
