<?xml version="1.0" encoding="UTF-8"?>
<!-- Generated by org.testng.reporters.JUnitReportReporter -->
<testsuite hostname="JVBRRR" failures="0" tests="1" name="sampleTests.SampleTest" time="0.009" errors="0" timestamp="2022-09-08T13:03:44 IST" skipped="0">
  <testcase classname="sampleTests.SampleTest" name="sampleTest" time="0.009"/>
  <system-out/>
</testsuite> <!-- sampleTests.SampleTest -->
