<?xml version="1.0" encoding="UTF-8"?>
<!-- Generated by org.testng.reporters.JUnitReportReporter -->
<testsuite hostname="JVBRRR" failures="0" tests="1" name="sampleTests.DemoTest" time="0.012" errors="0" timestamp="2022-09-13T10:16:19 IST" skipped="0">
  <testcase classname="sampleTests.DemoTest" name="demoTest" time="0.012"/>
  <system-out/>
</testsuite> <!-- sampleTests.DemoTest -->
