<?xml version="1.0" encoding="UTF-8"?>
<!-- Generated by org.testng.reporters.JUnitReportReporter -->
<testsuite hostname="JVBRRR" failures="0" tests="2" name="sampleTests.DemoTest" time="0.016" errors="0" timestamp="2022-09-14T08:04:36 IST" skipped="0">
  <testcase classname="sampleTests.DemoTest" name="dummyTest" time="0.002"/>
  <system-out/>
  <testcase classname="sampleTests.DemoTest" name="demoTest" time="0.014"/>
  <system-out/>
</testsuite> <!-- sampleTests.DemoTest -->
