<?xml version="1.0" encoding="UTF-8"?>
<!-- Generated by org.testng.reporters.JUnitReportReporter -->
<testsuite hostname="JVBRRR" failures="0" tests="2" name="sampleTests.DemoTest" time="0.014" errors="0" timestamp="2022-09-14T08:37:18 IST" skipped="0">
  <testcase classname="sampleTests.DemoTest" name="dummyTest" time="0.001"/>
  <system-out/>
  <testcase classname="sampleTests.DemoTest" name="demoTest" time="0.013"/>
  <system-out/>
</testsuite> <!-- sampleTests.DemoTest -->
